Using pre-set license
Built from '2020.3/release' branch; Version is '2020.3.7f1 (dd97f2c94397) revision 14522354'; Using compiler version '192528614'; Build Type 'Release'
OS: 'Windows 10 Home; OS build 19043.1645; Version 2009; 64bit' Language: 'ru' Physical Memory: 8066 MB
BatchMode: 1, IsHumanControllingUs: 0, StartBugReporterOnCrash: 0, Is64bit: 1, IsPro: 0

 COMMAND LINE ARGUMENTS:
C:\Program Files\2020.3.7f1\Editor\Unity.exe
-adb2
-batchMode
-noUpm
-name
AssetImportWorker0
-projectPath
D:/Programming/Test tasks/Idle Inn Tycoon
-logFile
Logs/AssetImportWorker0.log
-srvPort
50486
Successfully changed project path to: D:/Programming/Test tasks/Idle Inn Tycoon
D:/Programming/Test tasks/Idle Inn Tycoon
Using Asset Import Pipeline V2.
Refreshing native plugins compatible for Editor in 63.37 ms, found 0 plugins.
Preloading 0 native plugins for Editor in 0.00 ms.
Initialize engine version: 2020.3.7f1 (dd97f2c94397)
[Subsystems] Discovering subsystems at path C:/Program Files/2020.3.7f1/Editor/Data/Resources/UnitySubsystems
[Subsystems] Discovering subsystems at path D:/Programming/Test tasks/Idle Inn Tycoon/Assets
GfxDevice: creating device client; threaded=0
Direct3D:
    Version:  Direct3D 11.0 [level 11.1]
    Renderer: NVIDIA GeForce GTX 1050 (ID=0x1c8d)
    Vendor:   
    VRAM:     4021 MB
    Driver:   30.0.15.1179
Initialize mono
Mono path[0] = 'C:/Program Files/2020.3.7f1/Editor/Data/Managed'
Mono path[1] = 'C:/Program Files/2020.3.7f1/Editor/Data/MonoBleedingEdge/lib/mono/unityjit'
Mono config path = 'C:/Program Files/2020.3.7f1/Editor/Data/MonoBleedingEdge/etc'
Using monoOptions --debugger-agent=transport=dt_socket,embedding=1,server=y,suspend=n,address=127.0.0.1:56088
Begin MonoManager ReloadAssembly
Registering precompiled unity dll's ...
Register platform support module: C:/Program Files/2020.3.7f1/Editor/Data/PlaybackEngines/WindowsStandaloneSupport/UnityEditor.WindowsStandalone.Extensions.dll
Registered in 0.002874 seconds.
Native extension for WindowsStandalone target not found
Refreshing native plugins compatible for Editor in 57.47 ms, found 0 plugins.
Preloading 0 native plugins for Editor in 0.00 ms.
Mono: successfully reloaded assembly
- Completed reload, in  4.932 seconds
Platform modules already initialized, skipping
Registering precompiled user dll's ...
Registered in 0.001797 seconds.
Begin MonoManager ReloadAssembly
Native extension for WindowsStandalone target not found
Refreshing native plugins compatible for Editor in 54.78 ms, found 0 plugins.
Preloading 0 native plugins for Editor in 0.00 ms.
Mono: successfully reloaded assembly
- Completed reload, in  1.821 seconds
Platform modules already initialized, skipping
========================================================================
Worker process is ready to serve import requests
Launched and connected shader compiler UnityShaderCompiler.exe after 0.14 seconds
Refreshing native plugins compatible for Editor in 0.86 ms, found 0 plugins.
Preloading 0 native plugins for Editor in 0.00 ms.
Unloading 1517 Unused Serialized files (Serialized files now loaded: 0)
System memory in use before: 82.8 MB.
System memory in use after: 82.9 MB.

Unloading 24 unused Assets to reduce memory usage. Loaded Objects now: 1964.
Total: 4.044900 ms (FindLiveObjects: 0.286600 ms CreateObjectMapping: 0.086400 ms MarkObjects: 3.519200 ms  DeleteObjects: 0.149400 ms)

========================================================================
Received Import Request.
  path: Assets/Models/Prefabs/UI
  artifactKey: Guid(3cc272bffb589224c9b9d6dd021b35da) Importer(815301076,1909f56bfc062723c751e8b465ee728b)
Start importing Assets/Models/Prefabs/UI using Guid(3cc272bffb589224c9b9d6dd021b35da) Importer(815301076,1909f56bfc062723c751e8b465ee728b)  -> (artifact id: '6a43d52e3ad754d4416998113e5d3d96') in 0.021253 seconds
  Import took 0.028614 seconds .

========================================================================
Received Prepare
Registering precompiled user dll's ...
Registered in 0.001925 seconds.
Begin MonoManager ReloadAssembly
Native extension for WindowsStandalone target not found
Refreshing native plugins compatible for Editor in 0.36 ms, found 0 plugins.
Preloading 0 native plugins for Editor in 0.00 ms.
Mono: successfully reloaded assembly
- Completed reload, in  0.891 seconds
Platform modules already initialized, skipping
Switching build target platform(5) subTarget(0) extendedPlatform(0) -> platform(13) subTarget(537395200) extendedPlatform(0)
Refreshing native plugins compatible for Editor in 0.37 ms, found 0 plugins.
Preloading 0 native plugins for Editor in 0.00 ms.
Unloading 1418 Unused Serialized files (Serialized files now loaded: 0)
System memory in use before: 82.6 MB.
System memory in use after: 82.0 MB.

Unloading 90 unused Assets to reduce memory usage. Loaded Objects now: 1907.
Total: 2.471200 ms (FindLiveObjects: 0.178900 ms CreateObjectMapping: 0.069600 ms MarkObjects: 1.859000 ms  DeleteObjects: 0.361500 ms)

AssetImportParameters requested are different than current active one (requested -> active):
  custom:graphics/normal-map-encoding: 01000000000000000000000000000000 -> 02000000000000000000000000000000
========================================================================
Received Import Request.
  Time since last request: 896.329000 seconds.
  path: Assets/Models/Prefabs/UI/RoomUnlockText.prefab
  artifactKey: Guid(81337811105316c4aada06f1bd044728) Importer(815301076,1909f56bfc062723c751e8b465ee728b)
Start importing Assets/Models/Prefabs/UI/RoomUnlockText.prefab using Guid(81337811105316c4aada06f1bd044728) Importer(815301076,1909f56bfc062723c751e8b465ee728b)  -> (artifact id: '18ad321e05f07b06a22a62361e346be1') in 0.154832 seconds
  Import took 0.162188 seconds .

========================================================================
Received Import Request.
  Time since last request: 0.010418 seconds.
  path: Assets/Models/Prefabs/UI/RoomUnlockText.prefab
  artifactKey: Guid(81337811105316c4aada06f1bd044728) Importer(815301076,1909f56bfc062723c751e8b465ee728b)
Start importing Assets/Models/Prefabs/UI/RoomUnlockText.prefab using Guid(81337811105316c4aada06f1bd044728) Importer(815301076,1909f56bfc062723c751e8b465ee728b)  -> (artifact id: '18ad321e05f07b06a22a62361e346be1') in 0.009113 seconds
  Import took 0.017139 seconds .

========================================================================
Received Import Request.
  Time since last request: 30.699216 seconds.
  path: Assets/Scripts/AnimateProp.cs
  artifactKey: Guid(bd690d34c7ecbbf44ab996e001968b33) Importer(815301076,1909f56bfc062723c751e8b465ee728b)
Start importing Assets/Scripts/AnimateProp.cs using Guid(bd690d34c7ecbbf44ab996e001968b33) Importer(815301076,1909f56bfc062723c751e8b465ee728b)  -> (artifact id: 'eda3bd095b9761740800e2e046234c64') in 0.034728 seconds
  Import took 0.041165 seconds .

========================================================================
Received Import Request.
  Time since last request: 0.458052 seconds.
  path: Assets/Scripts/CharacterController.cs
  artifactKey: Guid(1c3176a79d72dda48bc4a8e2070bdc43) Importer(815301076,1909f56bfc062723c751e8b465ee728b)
Start importing Assets/Scripts/CharacterController.cs using Guid(1c3176a79d72dda48bc4a8e2070bdc43) Importer(815301076,1909f56bfc062723c751e8b465ee728b)  -> (artifact id: 'fb425c1b6c133147b13be61494427205') in 0.014348 seconds
  Import took 0.019810 seconds .

========================================================================
Received Import Request.
  Time since last request: 1.379802 seconds.
  path: Assets/Scripts/RoomInteraction.cs
  artifactKey: Guid(f1761275a1ace0343882ee59eaa3a4ce) Importer(815301076,1909f56bfc062723c751e8b465ee728b)
Start importing Assets/Scripts/RoomInteraction.cs using Guid(f1761275a1ace0343882ee59eaa3a4ce) Importer(815301076,1909f56bfc062723c751e8b465ee728b)  -> (artifact id: 'c28481bb99448e363ec9f8853f9cdf73') in 0.013417 seconds
  Import took 0.017972 seconds .

========================================================================
Received Prepare
Registering precompiled user dll's ...
Registered in 0.000991 seconds.
Begin MonoManager ReloadAssembly
Native extension for WindowsStandalone target not found
Refreshing native plugins compatible for Editor in 0.35 ms, found 0 plugins.
Preloading 0 native plugins for Editor in 0.00 ms.
Mono: successfully reloaded assembly
- Completed reload, in  0.896 seconds
Platform modules already initialized, skipping
Switching build target platform(5) subTarget(0) extendedPlatform(0) -> platform(13) subTarget(537395200) extendedPlatform(0)
Refreshing native plugins compatible for Editor in 0.35 ms, found 0 plugins.
Preloading 0 native plugins for Editor in 0.00 ms.
Unloading 1405 Unused Serialized files (Serialized files now loaded: 0)
System memory in use before: 78.8 MB.
System memory in use after: 78.9 MB.

Unloading 17 unused Assets to reduce memory usage. Loaded Objects now: 1912.
Total: 2.169300 ms (FindLiveObjects: 0.297200 ms CreateObjectMapping: 0.068600 ms MarkObjects: 1.779900 ms  DeleteObjects: 0.020700 ms)

AssetImportParameters requested are different than current active one (requested -> active):
  custom:graphics/normal-map-encoding: 01000000000000000000000000000000 -> 02000000000000000000000000000000
========================================================================
Received Import Request.
  Time since last request: 89.046136 seconds.
  path: Assets/Scripts/RoomInteraction.cs
  artifactKey: Guid(f1761275a1ace0343882ee59eaa3a4ce) Importer(815301076,1909f56bfc062723c751e8b465ee728b)
Start importing Assets/Scripts/RoomInteraction.cs using Guid(f1761275a1ace0343882ee59eaa3a4ce) Importer(815301076,1909f56bfc062723c751e8b465ee728b)  -> (artifact id: '5073eb22bfceb1eae34c038af834b418') in 0.004610 seconds
  Import took 0.007470 seconds .

========================================================================
Received Prepare
Registering precompiled user dll's ...
Registered in 0.000559 seconds.
Begin MonoManager ReloadAssembly
Native extension for WindowsStandalone target not found
Refreshing native plugins compatible for Editor in 0.37 ms, found 0 plugins.
Preloading 0 native plugins for Editor in 0.00 ms.
Mono: successfully reloaded assembly
- Completed reload, in  0.905 seconds
Platform modules already initialized, skipping
Switching build target platform(5) subTarget(0) extendedPlatform(0) -> platform(13) subTarget(537395200) extendedPlatform(0)
Refreshing native plugins compatible for Editor in 0.34 ms, found 0 plugins.
Preloading 0 native plugins for Editor in 0.00 ms.
Unloading 1405 Unused Serialized files (Serialized files now loaded: 0)
System memory in use before: 78.8 MB.
System memory in use after: 78.9 MB.

Unloading 17 unused Assets to reduce memory usage. Loaded Objects now: 1915.
Total: 2.128800 ms (FindLiveObjects: 0.170500 ms CreateObjectMapping: 0.048200 ms MarkObjects: 1.889900 ms  DeleteObjects: 0.018900 ms)

AssetImportParameters requested are different than current active one (requested -> active):
  custom:graphics/normal-map-encoding: 01000000000000000000000000000000 -> 02000000000000000000000000000000
========================================================================
Received Prepare
Registering precompiled user dll's ...
Registered in 0.000563 seconds.
Begin MonoManager ReloadAssembly
Native extension for WindowsStandalone target not found
Refreshing native plugins compatible for Editor in 0.40 ms, found 0 plugins.
Preloading 0 native plugins for Editor in 0.00 ms.
Mono: successfully reloaded assembly
- Completed reload, in  0.840 seconds
Platform modules already initialized, skipping
Switching build target platform(5) subTarget(0) extendedPlatform(0) -> platform(13) subTarget(537395200) extendedPlatform(0)
Refreshing native plugins compatible for Editor in 0.39 ms, found 0 plugins.
Preloading 0 native plugins for Editor in 0.00 ms.
Unloading 1405 Unused Serialized files (Serialized files now loaded: 0)
System memory in use before: 78.8 MB.
System memory in use after: 78.9 MB.

Unloading 17 unused Assets to reduce memory usage. Loaded Objects now: 1918.
Total: 2.145500 ms (FindLiveObjects: 0.227700 ms CreateObjectMapping: 0.161300 ms MarkObjects: 1.736000 ms  DeleteObjects: 0.018800 ms)

AssetImportParameters requested are different than current active one (requested -> active):
  custom:graphics/normal-map-encoding: 01000000000000000000000000000000 -> 02000000000000000000000000000000
========================================================================
Received Import Request.
  Time since last request: 529.890379 seconds.
  path: Assets/Models/Resources
  artifactKey: Guid(dcb44d30a3d19b547861f5a896cc4e9a) Importer(815301076,1909f56bfc062723c751e8b465ee728b)
Start importing Assets/Models/Resources using Guid(dcb44d30a3d19b547861f5a896cc4e9a) Importer(815301076,1909f56bfc062723c751e8b465ee728b)  -> (artifact id: '1a80380454c19523a48a1f07495eb954') in 0.093723 seconds
  Import took 0.096652 seconds .

========================================================================
Received Import Request.
  Time since last request: 19.520793 seconds.
  path: Assets/Resources
  artifactKey: Guid(9351d008df1405c4a9ed2499e9d9025a) Importer(815301076,1909f56bfc062723c751e8b465ee728b)
Start importing Assets/Resources using Guid(9351d008df1405c4a9ed2499e9d9025a) Importer(815301076,1909f56bfc062723c751e8b465ee728b)  -> (artifact id: 'c3c3d92793af43dfb4109131c16ff69a') in 0.006167 seconds
  Import took 0.011542 seconds .

========================================================================
Received Prepare
Registering precompiled user dll's ...
Registered in 0.000797 seconds.
Begin MonoManager ReloadAssembly
Native extension for WindowsStandalone target not found
Refreshing native plugins compatible for Editor in 0.35 ms, found 0 plugins.
Preloading 0 native plugins for Editor in 0.00 ms.
Mono: successfully reloaded assembly
- Completed reload, in  0.950 seconds
Platform modules already initialized, skipping
Switching build target platform(5) subTarget(0) extendedPlatform(0) -> platform(13) subTarget(537395200) extendedPlatform(0)
Refreshing native plugins compatible for Editor in 0.38 ms, found 0 plugins.
Preloading 0 native plugins for Editor in 0.00 ms.
Unloading 1405 Unused Serialized files (Serialized files now loaded: 0)
System memory in use before: 78.8 MB.
System memory in use after: 79.0 MB.

Unloading 17 unused Assets to reduce memory usage. Loaded Objects now: 1921.
Total: 2.320400 ms (FindLiveObjects: 0.217800 ms CreateObjectMapping: 0.046700 ms MarkObjects: 2.035900 ms  DeleteObjects: 0.018500 ms)

AssetImportParameters requested are different than current active one (requested -> active):
  custom:graphics/normal-map-encoding: 01000000000000000000000000000000 -> 02000000000000000000000000000000
========================================================================
Received Prepare
Registering precompiled user dll's ...
Registered in 0.000578 seconds.
Begin MonoManager ReloadAssembly
Native extension for WindowsStandalone target not found
Refreshing native plugins compatible for Editor in 0.34 ms, found 0 plugins.
Preloading 0 native plugins for Editor in 0.00 ms.
Mono: successfully reloaded assembly
- Completed reload, in  0.841 seconds
Platform modules already initialized, skipping
Switching build target platform(5) subTarget(0) extendedPlatform(0) -> platform(13) subTarget(537395200) extendedPlatform(0)
Refreshing native plugins compatible for Editor in 0.43 ms, found 0 plugins.
Preloading 0 native plugins for Editor in 0.00 ms.
Unloading 1405 Unused Serialized files (Serialized files now loaded: 0)
System memory in use before: 78.9 MB.
System memory in use after: 79.0 MB.

Unloading 17 unused Assets to reduce memory usage. Loaded Objects now: 1924.
Total: 2.105800 ms (FindLiveObjects: 0.199800 ms CreateObjectMapping: 0.107800 ms MarkObjects: 1.778300 ms  DeleteObjects: 0.018500 ms)

AssetImportParameters requested are different than current active one (requested -> active):
  custom:graphics/normal-map-encoding: 01000000000000000000000000000000 -> 02000000000000000000000000000000
========================================================================
Received Import Request.
  Time since last request: 60.796467 seconds.
  path: Assets/Editor
  artifactKey: Guid(9a2df797eb7ea8e44843144af9429b99) Importer(815301076,1909f56bfc062723c751e8b465ee728b)
Start importing Assets/Editor using Guid(9a2df797eb7ea8e44843144af9429b99) Importer(815301076,1909f56bfc062723c751e8b465ee728b)  -> (artifact id: 'd337716e1a99820b2b6885d744339dae') in 0.010556 seconds
  Import took 0.014770 seconds .

AssetImportWorkerClient::OnTransportError - code=2 error=End of file
